2022-04-01 10:52:02.449 INFO  com.jeremy.wiki.config.WikiApplication            :55   [32m                  [0;39m Starting WikiApplication using Java 1.8.0_241 on 192.168.124.5 with PID 46357 (/Users/jeremy/Downloads/wiki/target/classes started by jeremy in /Users/jeremy/Downloads/wiki)
2022-04-01 10:52:02.452 INFO  com.jeremy.wiki.config.WikiApplication            :635  [32m                  [0;39m No active profile set, falling back to default profiles: default
2022-04-01 10:52:03.406 INFO  o.s.boot.web.embedded.tomcat.TomcatWebServer      :108  [32m                  [0;39m Tomcat initialized with port(s): 8080 (http)
2022-04-01 10:52:03.418 INFO  org.apache.coyote.http11.Http11NioProtocol        :173  [32m                  [0;39m Initializing ProtocolHandler ["http-nio-8080"]
2022-04-01 10:52:03.419 INFO  org.apache.catalina.core.StandardService          :173  [32m                  [0;39m Starting service [Tomcat]
2022-04-01 10:52:03.420 INFO  org.apache.catalina.core.StandardEngine           :173  [32m                  [0;39m Starting Servlet engine: [Apache Tomcat/9.0.56]
2022-04-01 10:52:03.482 INFO  o.a.c.core.ContainerBase.[Tomcat].[localhost].[/] :173  [32m                  [0;39m Initializing Spring embedded WebApplicationContext
2022-04-01 10:52:03.482 INFO  o.s.b.w.s.c.ServletWebServerApplicationContext    :290  [32m                  [0;39m Root WebApplicationContext: initialization completed in 980 ms
2022-04-01 10:52:03.795 INFO  org.apache.coyote.http11.Http11NioProtocol        :173  [32m                  [0;39m Starting ProtocolHandler ["http-nio-8080"]
2022-04-01 10:52:03.817 INFO  o.s.boot.web.embedded.tomcat.TomcatWebServer      :220  [32m                  [0;39m Tomcat started on port(s): 8080 (http) with context path ''
2022-04-01 10:52:03.825 INFO  com.jeremy.wiki.config.WikiApplication            :61   [32m                  [0;39m Started WikiApplication in 2.072 seconds (JVM running for 2.906)
2022-04-01 10:52:03.827 INFO  com.jeremy.wiki.config.WikiApplication            :20   [32m                  [0;39m 启动成功！！
2022-04-01 10:52:03.827 INFO  com.jeremy.wiki.config.WikiApplication            :21   [32m                  [0;39m 地址: 	http://127.0.0.1:8080
2022-04-01 10:52:13.710 INFO  o.a.c.core.ContainerBase.[Tomcat].[localhost].[/] :173  [32m                  [0;39m Initializing Spring DispatcherServlet 'dispatcherServlet'
2022-04-01 10:52:13.711 INFO  org.springframework.web.servlet.DispatcherServlet :525  [32m                  [0;39m Initializing Servlet 'dispatcherServlet'
2022-04-01 10:52:13.712 INFO  org.springframework.web.servlet.DispatcherServlet :547  [32m                  [0;39m Completed initialization in 1 ms
2022-04-01 10:54:23.689 INFO  com.jeremy.wiki.config.WikiApplication            :55   [32m                  [0;39m Starting WikiApplication using Java 1.8.0_241 on 192.168.124.5 with PID 46391 (/Users/jeremy/Downloads/wiki/target/classes started by jeremy in /Users/jeremy/Downloads/wiki)
2022-04-01 10:54:23.691 INFO  com.jeremy.wiki.config.WikiApplication            :635  [32m                  [0;39m No active profile set, falling back to default profiles: default
2022-04-01 10:54:24.407 INFO  o.s.boot.web.embedded.tomcat.TomcatWebServer      :108  [32m                  [0;39m Tomcat initialized with port(s): 8080 (http)
2022-04-01 10:54:24.413 INFO  org.apache.coyote.http11.Http11NioProtocol        :173  [32m                  [0;39m Initializing ProtocolHandler ["http-nio-8080"]
2022-04-01 10:54:24.414 INFO  org.apache.catalina.core.StandardService          :173  [32m                  [0;39m Starting service [Tomcat]
2022-04-01 10:54:24.414 INFO  org.apache.catalina.core.StandardEngine           :173  [32m                  [0;39m Starting Servlet engine: [Apache Tomcat/9.0.56]
2022-04-01 10:54:24.465 INFO  o.a.c.core.ContainerBase.[Tomcat].[localhost].[/] :173  [32m                  [0;39m Initializing Spring embedded WebApplicationContext
2022-04-01 10:54:24.466 INFO  o.s.b.w.s.c.ServletWebServerApplicationContext    :290  [32m                  [0;39m Root WebApplicationContext: initialization completed in 740 ms
2022-04-01 10:54:24.703 INFO  org.apache.coyote.http11.Http11NioProtocol        :173  [32m                  [0;39m Starting ProtocolHandler ["http-nio-8080"]
2022-04-01 10:54:24.720 INFO  o.s.boot.web.embedded.tomcat.TomcatWebServer      :220  [32m                  [0;39m Tomcat started on port(s): 8080 (http) with context path ''
2022-04-01 10:54:24.729 INFO  com.jeremy.wiki.config.WikiApplication            :61   [32m                  [0;39m Started WikiApplication in 1.387 seconds (JVM running for 1.799)
2022-04-01 10:54:24.731 INFO  com.jeremy.wiki.config.WikiApplication            :20   [32m                  [0;39m 启动成功！！
2022-04-01 10:54:24.731 INFO  com.jeremy.wiki.config.WikiApplication            :21   [32m                  [0;39m 地址: 	http://127.0.0.1:8080
2022-04-01 10:54:33.842 INFO  org.apache.coyote.http11.Http11Processor          :175  [32m                  [0;39m Error parsing HTTP request header
 Note: further occurrences of HTTP request parsing errors will be logged at DEBUG level.
java.lang.IllegalArgumentException: The HTTP header line [name = TEST: ] does not conform to RFC 7230 and has been ignored.
	at org.apache.coyote.http11.Http11InputBuffer.skipLine(Http11InputBuffer.java:1072)
	at org.apache.coyote.http11.Http11InputBuffer.parseHeader(Http11InputBuffer.java:922)
	at org.apache.coyote.http11.Http11InputBuffer.parseHeaders(Http11InputBuffer.java:604)
	at org.apache.coyote.http11.Http11Processor.service(Http11Processor.java:292)
	at org.apache.coyote.AbstractProcessorLight.process(AbstractProcessorLight.java:65)
	at org.apache.coyote.AbstractProtocol$ConnectionHandler.process(AbstractProtocol.java:895)
	at org.apache.tomcat.util.net.NioEndpoint$SocketProcessor.doRun(NioEndpoint.java:1732)
	at org.apache.tomcat.util.net.SocketProcessorBase.run(SocketProcessorBase.java:49)
	at org.apache.tomcat.util.threads.ThreadPoolExecutor.runWorker(ThreadPoolExecutor.java:1191)
	at org.apache.tomcat.util.threads.ThreadPoolExecutor$Worker.run(ThreadPoolExecutor.java:659)
	at org.apache.tomcat.util.threads.TaskThread$WrappingRunnable.run(TaskThread.java:61)
	at java.lang.Thread.run(Thread.java:748)
2022-04-01 10:56:21.418 INFO  com.jeremy.wiki.config.WikiApplication            :55   [32m                  [0;39m Starting WikiApplication using Java 1.8.0_241 on 192.168.124.5 with PID 46414 (/Users/jeremy/Downloads/wiki/target/classes started by jeremy in /Users/jeremy/Downloads/wiki)
2022-04-01 10:56:21.420 INFO  com.jeremy.wiki.config.WikiApplication            :635  [32m                  [0;39m No active profile set, falling back to default profiles: default
2022-04-01 10:56:22.078 INFO  o.s.boot.web.embedded.tomcat.TomcatWebServer      :108  [32m                  [0;39m Tomcat initialized with port(s): 8080 (http)
2022-04-01 10:56:22.084 INFO  org.apache.coyote.http11.Http11NioProtocol        :173  [32m                  [0;39m Initializing ProtocolHandler ["http-nio-8080"]
2022-04-01 10:56:22.085 INFO  org.apache.catalina.core.StandardService          :173  [32m                  [0;39m Starting service [Tomcat]
2022-04-01 10:56:22.085 INFO  org.apache.catalina.core.StandardEngine           :173  [32m                  [0;39m Starting Servlet engine: [Apache Tomcat/9.0.56]
2022-04-01 10:56:22.132 INFO  o.a.c.core.ContainerBase.[Tomcat].[localhost].[/] :173  [32m                  [0;39m Initializing Spring embedded WebApplicationContext
2022-04-01 10:56:22.133 INFO  o.s.b.w.s.c.ServletWebServerApplicationContext    :290  [32m                  [0;39m Root WebApplicationContext: initialization completed in 683 ms
2022-04-01 10:56:22.349 INFO  org.apache.coyote.http11.Http11NioProtocol        :173  [32m                  [0;39m Starting ProtocolHandler ["http-nio-8080"]
2022-04-01 10:56:22.366 INFO  o.s.boot.web.embedded.tomcat.TomcatWebServer      :220  [32m                  [0;39m Tomcat started on port(s): 8080 (http) with context path ''
2022-04-01 10:56:22.375 INFO  com.jeremy.wiki.config.WikiApplication            :61   [32m                  [0;39m Started WikiApplication in 1.302 seconds (JVM running for 1.737)
2022-04-01 10:56:22.377 INFO  com.jeremy.wiki.config.WikiApplication            :20   [32m                  [0;39m 启动成功！！
2022-04-01 10:56:22.378 INFO  com.jeremy.wiki.config.WikiApplication            :21   [32m                  [0;39m 地址: 	http://127.0.0.1:8080
2022-04-01 10:56:25.631 INFO  o.a.c.core.ContainerBase.[Tomcat].[localhost].[/] :173  [32m                  [0;39m Initializing Spring DispatcherServlet 'dispatcherServlet'
2022-04-01 10:56:25.631 INFO  org.springframework.web.servlet.DispatcherServlet :525  [32m                  [0;39m Initializing Servlet 'dispatcherServlet'
2022-04-01 10:56:25.632 INFO  org.springframework.web.servlet.DispatcherServlet :547  [32m                  [0;39m Completed initialization in 0 ms
2022-04-01 11:04:21.692 INFO  com.jeremy.wiki.config.WikiApplication            :55   [32m                  [0;39m Starting WikiApplication using Java 1.8.0_241 on 192.168.124.5 with PID 46535 (/Users/jeremy/Downloads/wiki/target/classes started by jeremy in /Users/jeremy/Downloads/wiki)
2022-04-01 11:04:21.695 INFO  com.jeremy.wiki.config.WikiApplication            :635  [32m                  [0;39m No active profile set, falling back to default profiles: default
2022-04-01 11:04:22.628 INFO  o.s.boot.web.embedded.tomcat.TomcatWebServer      :108  [32m                  [0;39m Tomcat initialized with port(s): 8080 (http)
2022-04-01 11:04:22.640 INFO  org.apache.coyote.http11.Http11NioProtocol        :173  [32m                  [0;39m Initializing ProtocolHandler ["http-nio-8080"]
2022-04-01 11:04:22.640 INFO  org.apache.catalina.core.StandardService          :173  [32m                  [0;39m Starting service [Tomcat]
2022-04-01 11:04:22.641 INFO  org.apache.catalina.core.StandardEngine           :173  [32m                  [0;39m Starting Servlet engine: [Apache Tomcat/9.0.56]
2022-04-01 11:04:22.727 INFO  o.a.c.core.ContainerBase.[Tomcat].[localhost].[/] :173  [32m                  [0;39m Initializing Spring embedded WebApplicationContext
2022-04-01 11:04:22.727 INFO  o.s.b.w.s.c.ServletWebServerApplicationContext    :290  [32m                  [0;39m Root WebApplicationContext: initialization completed in 981 ms
2022-04-01 11:04:23.144 INFO  org.apache.coyote.http11.Http11NioProtocol        :173  [32m                  [0;39m Starting ProtocolHandler ["http-nio-8080"]
2022-04-01 11:04:23.169 INFO  o.s.boot.web.embedded.tomcat.TomcatWebServer      :220  [32m                  [0;39m Tomcat started on port(s): 8080 (http) with context path ''
2022-04-01 11:04:23.181 INFO  com.jeremy.wiki.config.WikiApplication            :61   [32m                  [0;39m Started WikiApplication in 2.058 seconds (JVM running for 2.578)
2022-04-01 11:04:23.184 INFO  com.jeremy.wiki.config.WikiApplication            :20   [32m                  [0;39m 启动成功！！
2022-04-01 11:04:23.184 INFO  com.jeremy.wiki.config.WikiApplication            :21   [32m                  [0;39m 地址: 	http://127.0.0.1:8080
2022-04-01 11:04:26.967 INFO  o.a.c.core.ContainerBase.[Tomcat].[localhost].[/] :173  [32m                  [0;39m Initializing Spring DispatcherServlet 'dispatcherServlet'
2022-04-01 11:04:26.967 INFO  org.springframework.web.servlet.DispatcherServlet :525  [32m                  [0;39m Initializing Servlet 'dispatcherServlet'
2022-04-01 11:04:26.968 INFO  org.springframework.web.servlet.DispatcherServlet :547  [32m                  [0;39m Completed initialization in 1 ms
2022-04-01 16:35:16.659 INFO  com.jeremy.wiki.config.WikiApplication            :55   [32m                  [0;39m Starting WikiApplication using Java 1.8.0_241 on 192.168.124.5 with PID 50841 (/Users/jeremy/Downloads/wiki/target/classes started by jeremy in /Users/jeremy/Downloads/wiki)
2022-04-01 16:35:16.662 INFO  com.jeremy.wiki.config.WikiApplication            :635  [32m                  [0;39m No active profile set, falling back to default profiles: default
2022-04-01 16:35:17.567 INFO  o.s.boot.web.embedded.tomcat.TomcatWebServer      :108  [32m                  [0;39m Tomcat initialized with port(s): 8080 (http)
2022-04-01 16:35:17.584 INFO  org.apache.coyote.http11.Http11NioProtocol        :173  [32m                  [0;39m Initializing ProtocolHandler ["http-nio-8080"]
2022-04-01 16:35:17.584 INFO  org.apache.catalina.core.StandardService          :173  [32m                  [0;39m Starting service [Tomcat]
2022-04-01 16:35:17.585 INFO  org.apache.catalina.core.StandardEngine           :173  [32m                  [0;39m Starting Servlet engine: [Apache Tomcat/9.0.56]
2022-04-01 16:35:17.655 INFO  o.a.c.core.ContainerBase.[Tomcat].[localhost].[/] :173  [32m                  [0;39m Initializing Spring embedded WebApplicationContext
2022-04-01 16:35:17.656 INFO  o.s.b.w.s.c.ServletWebServerApplicationContext    :290  [32m                  [0;39m Root WebApplicationContext: initialization completed in 948 ms
2022-04-01 16:35:17.978 INFO  org.apache.coyote.http11.Http11NioProtocol        :173  [32m                  [0;39m Starting ProtocolHandler ["http-nio-8080"]
2022-04-01 16:35:17.996 INFO  o.s.boot.web.embedded.tomcat.TomcatWebServer      :220  [32m                  [0;39m Tomcat started on port(s): 8080 (http) with context path ''
2022-04-01 16:35:18.004 INFO  com.jeremy.wiki.config.WikiApplication            :61   [32m                  [0;39m Started WikiApplication in 1.833 seconds (JVM running for 2.31)
2022-04-01 16:35:18.006 INFO  com.jeremy.wiki.config.WikiApplication            :20   [32m                  [0;39m 启动成功！！
2022-04-01 16:35:18.006 INFO  com.jeremy.wiki.config.WikiApplication            :21   [32m                  [0;39m 地址: 	http://127.0.0.1:8080
2022-04-01 16:42:50.963 INFO  com.jeremy.wiki.config.WikiApplication            :55   [32m                  [0;39m Starting WikiApplication using Java 1.8.0_241 on 192.168.124.5 with PID 50933 (/Users/jeremy/Downloads/wiki/target/classes started by jeremy in /Users/jeremy/Downloads/wiki)
2022-04-01 16:42:50.968 INFO  com.jeremy.wiki.config.WikiApplication            :635  [32m                  [0;39m No active profile set, falling back to default profiles: default
2022-04-01 16:42:51.823 INFO  o.s.boot.web.embedded.tomcat.TomcatWebServer      :108  [32m                  [0;39m Tomcat initialized with port(s): 8080 (http)
2022-04-01 16:42:51.833 INFO  org.apache.coyote.http11.Http11NioProtocol        :173  [32m                  [0;39m Initializing ProtocolHandler ["http-nio-8080"]
2022-04-01 16:42:51.833 INFO  org.apache.catalina.core.StandardService          :173  [32m                  [0;39m Starting service [Tomcat]
2022-04-01 16:42:51.834 INFO  org.apache.catalina.core.StandardEngine           :173  [32m                  [0;39m Starting Servlet engine: [Apache Tomcat/9.0.56]
2022-04-01 16:42:51.903 INFO  o.a.c.core.ContainerBase.[Tomcat].[localhost].[/] :173  [32m                  [0;39m Initializing Spring embedded WebApplicationContext
2022-04-01 16:42:51.903 INFO  o.s.b.w.s.c.ServletWebServerApplicationContext    :290  [32m                  [0;39m Root WebApplicationContext: initialization completed in 878 ms
2022-04-01 16:42:52.205 INFO  org.apache.coyote.http11.Http11NioProtocol        :173  [32m                  [0;39m Starting ProtocolHandler ["http-nio-8080"]
2022-04-01 16:42:52.222 INFO  o.s.boot.web.embedded.tomcat.TomcatWebServer      :220  [32m                  [0;39m Tomcat started on port(s): 8080 (http) with context path ''
2022-04-01 16:42:52.230 INFO  com.jeremy.wiki.config.WikiApplication            :61   [32m                  [0;39m Started WikiApplication in 1.765 seconds (JVM running for 2.225)
2022-04-01 16:42:52.232 INFO  com.jeremy.wiki.config.WikiApplication            :20   [32m                  [0;39m 启动成功！！
2022-04-01 16:42:52.233 INFO  com.jeremy.wiki.config.WikiApplication            :21   [32m                  [0;39m 地址: 	http://127.0.0.1:8080
2022-04-01 16:50:28.527 INFO  com.jeremy.wiki.config.WikiApplication            :55   [32m                  [0;39m Starting WikiApplication using Java 1.8.0_241 on 192.168.124.5 with PID 51075 (/Users/jeremy/Downloads/wiki/target/classes started by jeremy in /Users/jeremy/Downloads/wiki)
2022-04-01 16:50:28.530 INFO  com.jeremy.wiki.config.WikiApplication            :635  [32m                  [0;39m No active profile set, falling back to default profiles: default
2022-04-01 16:50:29.496 INFO  o.s.boot.web.embedded.tomcat.TomcatWebServer      :108  [32m                  [0;39m Tomcat initialized with port(s): 8080 (http)
2022-04-01 16:50:29.513 INFO  org.apache.coyote.http11.Http11NioProtocol        :173  [32m                  [0;39m Initializing ProtocolHandler ["http-nio-8080"]
2022-04-01 16:50:29.514 INFO  org.apache.catalina.core.StandardService          :173  [32m                  [0;39m Starting service [Tomcat]
2022-04-01 16:50:29.515 INFO  org.apache.catalina.core.StandardEngine           :173  [32m                  [0;39m Starting Servlet engine: [Apache Tomcat/9.0.56]
2022-04-01 16:50:29.620 INFO  o.a.c.core.ContainerBase.[Tomcat].[localhost].[/] :173  [32m                  [0;39m Initializing Spring embedded WebApplicationContext
2022-04-01 16:50:29.620 INFO  o.s.b.w.s.c.ServletWebServerApplicationContext    :290  [32m                  [0;39m Root WebApplicationContext: initialization completed in 1028 ms
2022-04-01 16:50:30.048 INFO  org.apache.coyote.http11.Http11NioProtocol        :173  [32m                  [0;39m Starting ProtocolHandler ["http-nio-8080"]
2022-04-01 16:50:30.070 INFO  o.s.boot.web.embedded.tomcat.TomcatWebServer      :220  [32m                  [0;39m Tomcat started on port(s): 8080 (http) with context path ''
2022-04-01 16:50:30.079 INFO  com.jeremy.wiki.config.WikiApplication            :61   [32m                  [0;39m Started WikiApplication in 2.176 seconds (JVM running for 2.742)
2022-04-01 16:50:30.082 INFO  com.jeremy.wiki.config.WikiApplication            :20   [32m                  [0;39m 启动成功！！
2022-04-01 16:50:30.082 INFO  com.jeremy.wiki.config.WikiApplication            :21   [32m                  [0;39m 地址: 	http://127.0.0.1:8080
2022-04-01 16:50:41.373 INFO  o.a.c.core.ContainerBase.[Tomcat].[localhost].[/] :173  [32m                  [0;39m Initializing Spring DispatcherServlet 'dispatcherServlet'
2022-04-01 16:50:41.374 INFO  org.springframework.web.servlet.DispatcherServlet :525  [32m                  [0;39m Initializing Servlet 'dispatcherServlet'
2022-04-01 16:50:41.375 INFO  org.springframework.web.servlet.DispatcherServlet :547  [32m                  [0;39m Completed initialization in 1 ms
2022-04-01 16:58:54.952 INFO  com.jeremy.wiki.config.WikiApplication            :55   [32m                  [0;39m Starting WikiApplication using Java 1.8.0_241 on 192.168.124.5 with PID 51175 (/Users/jeremy/Downloads/wiki/target/classes started by jeremy in /Users/jeremy/Downloads/wiki)
2022-04-01 16:58:54.954 INFO  com.jeremy.wiki.config.WikiApplication            :635  [32m                  [0;39m No active profile set, falling back to default profiles: default
2022-04-01 16:58:55.619 INFO  o.s.boot.web.embedded.tomcat.TomcatWebServer      :108  [32m                  [0;39m Tomcat initialized with port(s): 8080 (http)
2022-04-01 16:58:55.625 INFO  org.apache.coyote.http11.Http11NioProtocol        :173  [32m                  [0;39m Initializing ProtocolHandler ["http-nio-8080"]
2022-04-01 16:58:55.626 INFO  org.apache.catalina.core.StandardService          :173  [32m                  [0;39m Starting service [Tomcat]
2022-04-01 16:58:55.626 INFO  org.apache.catalina.core.StandardEngine           :173  [32m                  [0;39m Starting Servlet engine: [Apache Tomcat/9.0.56]
2022-04-01 16:58:55.670 INFO  o.a.c.core.ContainerBase.[Tomcat].[localhost].[/] :173  [32m                  [0;39m Initializing Spring embedded WebApplicationContext
2022-04-01 16:58:55.670 INFO  o.s.b.w.s.c.ServletWebServerApplicationContext    :290  [32m                  [0;39m Root WebApplicationContext: initialization completed in 686 ms
2022-04-01 16:58:55.916 INFO  org.apache.coyote.http11.Http11NioProtocol        :173  [32m                  [0;39m Starting ProtocolHandler ["http-nio-8080"]
2022-04-01 16:58:55.937 INFO  o.s.boot.web.embedded.tomcat.TomcatWebServer      :220  [32m                  [0;39m Tomcat started on port(s): 8080 (http) with context path ''
2022-04-01 16:58:55.944 INFO  com.jeremy.wiki.config.WikiApplication            :61   [32m                  [0;39m Started WikiApplication in 1.377 seconds (JVM running for 1.814)
2022-04-01 16:58:55.946 INFO  com.jeremy.wiki.config.WikiApplication            :20   [32m                  [0;39m 启动成功！！
2022-04-01 16:58:55.947 INFO  com.jeremy.wiki.config.WikiApplication            :21   [32m                  [0;39m 地址: 	http://127.0.0.1:8080
2022-04-01 16:59:47.914 INFO  o.a.c.core.ContainerBase.[Tomcat].[localhost].[/] :173  [32m                  [0;39m Initializing Spring DispatcherServlet 'dispatcherServlet'
2022-04-01 16:59:47.916 INFO  org.springframework.web.servlet.DispatcherServlet :525  [32m                  [0;39m Initializing Servlet 'dispatcherServlet'
2022-04-01 16:59:47.920 INFO  org.springframework.web.servlet.DispatcherServlet :547  [32m                  [0;39m Completed initialization in 3 ms
2022-04-01 17:09:40.248 INFO  com.jeremy.wiki.config.WikiApplication            :55   [32m                  [0;39m Starting WikiApplication using Java 1.8.0_241 on 192.168.124.5 with PID 51320 (/Users/jeremy/Downloads/wiki/target/classes started by jeremy in /Users/jeremy/Downloads/wiki)
2022-04-01 17:09:40.251 INFO  com.jeremy.wiki.config.WikiApplication            :635  [32m                  [0;39m No active profile set, falling back to default profiles: default
2022-04-01 17:09:41.253 INFO  o.s.boot.web.embedded.tomcat.TomcatWebServer      :108  [32m                  [0;39m Tomcat initialized with port(s): 8080 (http)
2022-04-01 17:09:41.269 INFO  org.apache.coyote.http11.Http11NioProtocol        :173  [32m                  [0;39m Initializing ProtocolHandler ["http-nio-8080"]
2022-04-01 17:09:41.270 INFO  org.apache.catalina.core.StandardService          :173  [32m                  [0;39m Starting service [Tomcat]
2022-04-01 17:09:41.270 INFO  org.apache.catalina.core.StandardEngine           :173  [32m                  [0;39m Starting Servlet engine: [Apache Tomcat/9.0.56]
2022-04-01 17:09:41.378 INFO  o.a.c.core.ContainerBase.[Tomcat].[localhost].[/] :173  [32m                  [0;39m Initializing Spring embedded WebApplicationContext
2022-04-01 17:09:41.378 INFO  o.s.b.w.s.c.ServletWebServerApplicationContext    :290  [32m                  [0;39m Root WebApplicationContext: initialization completed in 1071 ms
2022-04-01 17:09:41.812 INFO  org.apache.coyote.http11.Http11NioProtocol        :173  [32m                  [0;39m Starting ProtocolHandler ["http-nio-8080"]
2022-04-01 17:09:41.834 INFO  o.s.boot.web.embedded.tomcat.TomcatWebServer      :220  [32m                  [0;39m Tomcat started on port(s): 8080 (http) with context path ''
2022-04-01 17:09:41.844 INFO  com.jeremy.wiki.config.WikiApplication            :61   [32m                  [0;39m Started WikiApplication in 2.225 seconds (JVM running for 2.724)
2022-04-01 17:09:41.847 INFO  com.jeremy.wiki.config.WikiApplication            :20   [32m                  [0;39m 启动成功！！
2022-04-01 17:09:41.847 INFO  com.jeremy.wiki.config.WikiApplication            :21   [32m                  [0;39m 地址: 	http://127.0.0.1:8080
2022-04-01 17:09:47.533 INFO  o.a.c.core.ContainerBase.[Tomcat].[localhost].[/] :173  [32m                  [0;39m Initializing Spring DispatcherServlet 'dispatcherServlet'
2022-04-01 17:09:47.536 INFO  org.springframework.web.servlet.DispatcherServlet :525  [32m                  [0;39m Initializing Servlet 'dispatcherServlet'
2022-04-01 17:09:47.538 INFO  org.springframework.web.servlet.DispatcherServlet :547  [32m                  [0;39m Completed initialization in 1 ms
2022-04-01 17:10:54.971 INFO  com.jeremy.wiki.config.WikiApplication            :55   [32m                  [0;39m Starting WikiApplication using Java 1.8.0_241 on 192.168.124.5 with PID 51337 (/Users/jeremy/Downloads/wiki/target/classes started by jeremy in /Users/jeremy/Downloads/wiki)
2022-04-01 17:10:54.977 INFO  com.jeremy.wiki.config.WikiApplication            :635  [32m                  [0;39m No active profile set, falling back to default profiles: default
2022-04-01 17:10:55.886 INFO  o.s.boot.web.embedded.tomcat.TomcatWebServer      :108  [32m                  [0;39m Tomcat initialized with port(s): 8080 (http)
2022-04-01 17:10:55.907 INFO  org.apache.coyote.http11.Http11NioProtocol        :173  [32m                  [0;39m Initializing ProtocolHandler ["http-nio-8080"]
2022-04-01 17:10:55.908 INFO  org.apache.catalina.core.StandardService          :173  [32m                  [0;39m Starting service [Tomcat]
2022-04-01 17:10:55.910 INFO  org.apache.catalina.core.StandardEngine           :173  [32m                  [0;39m Starting Servlet engine: [Apache Tomcat/9.0.56]
2022-04-01 17:10:56.026 INFO  o.a.c.core.ContainerBase.[Tomcat].[localhost].[/] :173  [32m                  [0;39m Initializing Spring embedded WebApplicationContext
2022-04-01 17:10:56.026 INFO  o.s.b.w.s.c.ServletWebServerApplicationContext    :290  [32m                  [0;39m Root WebApplicationContext: initialization completed in 995 ms
2022-04-01 17:10:56.442 INFO  org.apache.coyote.http11.Http11NioProtocol        :173  [32m                  [0;39m Starting ProtocolHandler ["http-nio-8080"]
2022-04-01 17:10:56.461 INFO  o.s.boot.web.embedded.tomcat.TomcatWebServer      :220  [32m                  [0;39m Tomcat started on port(s): 8080 (http) with context path ''
2022-04-01 17:10:56.469 INFO  com.jeremy.wiki.config.WikiApplication            :61   [32m                  [0;39m Started WikiApplication in 2.065 seconds (JVM running for 2.567)
2022-04-01 17:10:56.472 INFO  com.jeremy.wiki.config.WikiApplication            :20   [32m                  [0;39m 启动成功！！
2022-04-01 17:10:56.473 INFO  com.jeremy.wiki.config.WikiApplication            :21   [32m                  [0;39m 地址: 	http://127.0.0.1:8080
2022-04-01 17:11:13.412 INFO  o.a.c.core.ContainerBase.[Tomcat].[localhost].[/] :173  [32m                  [0;39m Initializing Spring DispatcherServlet 'dispatcherServlet'
2022-04-01 17:11:13.413 INFO  org.springframework.web.servlet.DispatcherServlet :525  [32m                  [0;39m Initializing Servlet 'dispatcherServlet'
2022-04-01 17:11:13.415 INFO  org.springframework.web.servlet.DispatcherServlet :547  [32m                  [0;39m Completed initialization in 1 ms
2022-04-01 19:58:35.734 INFO  com.jeremy.wiki.config.WikiApplication            :55   [32m                  [0;39m Starting WikiApplication using Java 1.8.0_241 on 192.168.124.5 with PID 53241 (/Users/jeremy/Downloads/wiki/target/classes started by jeremy in /Users/jeremy/Downloads/wiki)
2022-04-01 19:58:35.736 INFO  com.jeremy.wiki.config.WikiApplication            :635  [32m                  [0;39m No active profile set, falling back to default profiles: default
2022-04-01 19:58:35.802 INFO  o.s.b.d.env.DevToolsPropertyDefaultsPostProcessor :255  [32m                  [0;39m Devtools property defaults active! Set 'spring.devtools.add-properties' to 'false' to disable
2022-04-01 19:58:35.802 INFO  o.s.b.d.env.DevToolsPropertyDefaultsPostProcessor :255  [32m                  [0;39m For additional web related logging consider setting the 'logging.level.web' property to 'DEBUG'
2022-04-01 19:58:36.835 INFO  o.s.boot.web.embedded.tomcat.TomcatWebServer      :108  [32m                  [0;39m Tomcat initialized with port(s): 8080 (http)
2022-04-01 19:58:36.848 INFO  org.apache.coyote.http11.Http11NioProtocol        :173  [32m                  [0;39m Initializing ProtocolHandler ["http-nio-8080"]
2022-04-01 19:58:36.848 INFO  org.apache.catalina.core.StandardService          :173  [32m                  [0;39m Starting service [Tomcat]
2022-04-01 19:58:36.849 INFO  org.apache.catalina.core.StandardEngine           :173  [32m                  [0;39m Starting Servlet engine: [Apache Tomcat/9.0.56]
2022-04-01 19:58:36.918 INFO  o.a.c.core.ContainerBase.[Tomcat].[localhost].[/] :173  [32m                  [0;39m Initializing Spring embedded WebApplicationContext
2022-04-01 19:58:36.918 INFO  o.s.b.w.s.c.ServletWebServerApplicationContext    :290  [32m                  [0;39m Root WebApplicationContext: initialization completed in 1115 ms
2022-04-01 19:58:37.297 INFO  o.s.b.d.autoconfigure.OptionalLiveReloadServer    :58   [32m                  [0;39m LiveReload server is running on port 35729
2022-04-01 19:58:37.308 INFO  org.apache.coyote.http11.Http11NioProtocol        :173  [32m                  [0;39m Starting ProtocolHandler ["http-nio-8080"]
2022-04-01 19:58:37.329 INFO  o.s.boot.web.embedded.tomcat.TomcatWebServer      :220  [32m                  [0;39m Tomcat started on port(s): 8080 (http) with context path ''
2022-04-01 19:58:37.339 INFO  com.jeremy.wiki.config.WikiApplication            :61   [32m                  [0;39m Started WikiApplication in 2.256 seconds (JVM running for 3.005)
2022-04-01 19:58:37.342 INFO  com.jeremy.wiki.config.WikiApplication            :20   [32m                  [0;39m 启动成功！！
2022-04-01 19:58:37.342 INFO  com.jeremy.wiki.config.WikiApplication            :21   [32m                  [0;39m 地址: 	http://127.0.0.1:8080
2022-04-01 19:59:00.921 INFO  com.jeremy.wiki.config.WikiApplication            :55   [32m                  [0;39m Starting WikiApplication using Java 1.8.0_241 on 192.168.124.5 with PID 53241 (/Users/jeremy/Downloads/wiki/target/classes started by jeremy in /Users/jeremy/Downloads/wiki)
2022-04-01 19:59:00.922 INFO  com.jeremy.wiki.config.WikiApplication            :635  [32m                  [0;39m No active profile set, falling back to default profiles: default
2022-04-01 19:59:01.029 INFO  o.s.boot.web.embedded.tomcat.TomcatWebServer      :108  [32m                  [0;39m Tomcat initialized with port(s): 8080 (http)
2022-04-01 19:59:01.030 INFO  org.apache.coyote.http11.Http11NioProtocol        :173  [32m                  [0;39m Initializing ProtocolHandler ["http-nio-8080"]
2022-04-01 19:59:01.030 INFO  org.apache.catalina.core.StandardService          :173  [32m                  [0;39m Starting service [Tomcat]
2022-04-01 19:59:01.030 INFO  org.apache.catalina.core.StandardEngine           :173  [32m                  [0;39m Starting Servlet engine: [Apache Tomcat/9.0.56]
2022-04-01 19:59:01.035 INFO  o.a.c.core.ContainerBase.[Tomcat].[localhost].[/] :173  [32m                  [0;39m Initializing Spring embedded WebApplicationContext
2022-04-01 19:59:01.035 INFO  o.s.b.w.s.c.ServletWebServerApplicationContext    :290  [32m                  [0;39m Root WebApplicationContext: initialization completed in 111 ms
2022-04-01 19:59:01.090 INFO  o.s.b.d.autoconfigure.OptionalLiveReloadServer    :58   [32m                  [0;39m LiveReload server is running on port 35729
2022-04-01 19:59:01.095 INFO  org.apache.coyote.http11.Http11NioProtocol        :173  [32m                  [0;39m Starting ProtocolHandler ["http-nio-8080"]
2022-04-01 19:59:01.096 INFO  o.s.boot.web.embedded.tomcat.TomcatWebServer      :220  [32m                  [0;39m Tomcat started on port(s): 8080 (http) with context path ''
2022-04-01 19:59:01.099 INFO  com.jeremy.wiki.config.WikiApplication            :61   [32m                  [0;39m Started WikiApplication in 0.203 seconds (JVM running for 26.764)
2022-04-01 19:59:01.101 INFO  o.s.b.d.a.ConditionEvaluationDeltaLoggingListener :63   [32m                  [0;39m Condition evaluation unchanged
2022-04-01 19:59:01.101 INFO  com.jeremy.wiki.config.WikiApplication            :20   [32m                  [0;39m 启动成功！！
2022-04-01 19:59:01.101 INFO  com.jeremy.wiki.config.WikiApplication            :21   [32m                  [0;39m 地址: 	http://127.0.0.1:8080
2022-04-01 19:59:38.813 INFO  com.jeremy.wiki.config.WikiApplication            :55   [32m                  [0;39m Starting WikiApplication using Java 1.8.0_241 on 192.168.124.5 with PID 53241 (/Users/jeremy/Downloads/wiki/target/classes started by jeremy in /Users/jeremy/Downloads/wiki)
2022-04-01 19:59:38.813 INFO  com.jeremy.wiki.config.WikiApplication            :635  [32m                  [0;39m No active profile set, falling back to default profiles: default
2022-04-01 19:59:38.936 INFO  o.s.boot.web.embedded.tomcat.TomcatWebServer      :108  [32m                  [0;39m Tomcat initialized with port(s): 8080 (http)
2022-04-01 19:59:38.937 INFO  org.apache.coyote.http11.Http11NioProtocol        :173  [32m                  [0;39m Initializing ProtocolHandler ["http-nio-8080"]
2022-04-01 19:59:38.937 INFO  org.apache.catalina.core.StandardService          :173  [32m                  [0;39m Starting service [Tomcat]
2022-04-01 19:59:38.938 INFO  org.apache.catalina.core.StandardEngine           :173  [32m                  [0;39m Starting Servlet engine: [Apache Tomcat/9.0.56]
2022-04-01 19:59:38.951 INFO  o.a.c.core.ContainerBase.[Tomcat].[localhost].[/] :173  [32m                  [0;39m Initializing Spring embedded WebApplicationContext
2022-04-01 19:59:38.952 INFO  o.s.b.w.s.c.ServletWebServerApplicationContext    :290  [32m                  [0;39m Root WebApplicationContext: initialization completed in 137 ms
2022-04-01 19:59:39.014 INFO  o.s.b.d.autoconfigure.OptionalLiveReloadServer    :58   [32m                  [0;39m LiveReload server is running on port 35729
2022-04-01 19:59:39.021 INFO  org.apache.coyote.http11.Http11NioProtocol        :173  [32m                  [0;39m Starting ProtocolHandler ["http-nio-8080"]
2022-04-01 19:59:39.022 INFO  o.s.boot.web.embedded.tomcat.TomcatWebServer      :220  [32m                  [0;39m Tomcat started on port(s): 8080 (http) with context path ''
2022-04-01 19:59:39.027 INFO  com.jeremy.wiki.config.WikiApplication            :61   [32m                  [0;39m Started WikiApplication in 0.238 seconds (JVM running for 64.691)
2022-04-01 19:59:39.028 INFO  o.s.b.d.a.ConditionEvaluationDeltaLoggingListener :63   [32m                  [0;39m Condition evaluation unchanged
2022-04-01 19:59:39.029 INFO  com.jeremy.wiki.config.WikiApplication            :20   [32m                  [0;39m 启动成功！！
2022-04-01 19:59:39.030 INFO  com.jeremy.wiki.config.WikiApplication            :21   [32m                  [0;39m 地址: 	http://127.0.0.1:8080
2022-04-01 20:00:09.470 INFO  o.a.c.core.ContainerBase.[Tomcat].[localhost].[/] :173  [32m                  [0;39m Initializing Spring DispatcherServlet 'dispatcherServlet'
2022-04-01 20:00:09.472 INFO  org.springframework.web.servlet.DispatcherServlet :525  [32m                  [0;39m Initializing Servlet 'dispatcherServlet'
2022-04-01 20:00:09.473 INFO  org.springframework.web.servlet.DispatcherServlet :547  [32m                  [0;39m Completed initialization in 1 ms
