2022-04-10 14:35:47.521 INFO  com.jeremy.wiki.config.WikiApplication            :55   [32m                  [0;39m Starting WikiApplication using Java 1.8.0_241 on 192.168.124.5 with PID 46413 (/Users/jeremy/Downloads/wiki/target/classes started by jeremy in /Users/jeremy/Downloads/wiki)
2022-04-10 14:35:47.524 INFO  com.jeremy.wiki.config.WikiApplication            :635  [32m                  [0;39m No active profile set, falling back to default profiles: default
2022-04-10 14:35:47.580 INFO  o.s.b.d.env.DevToolsPropertyDefaultsPostProcessor :255  [32m                  [0;39m Devtools property defaults active! Set 'spring.devtools.add-properties' to 'false' to disable
2022-04-10 14:35:47.580 INFO  o.s.b.d.env.DevToolsPropertyDefaultsPostProcessor :255  [32m                  [0;39m For additional web related logging consider setting the 'logging.level.web' property to 'DEBUG'
2022-04-10 14:35:48.542 INFO  o.s.boot.web.embedded.tomcat.TomcatWebServer      :108  [32m                  [0;39m Tomcat initialized with port(s): 8080 (http)
2022-04-10 14:35:48.552 INFO  org.apache.coyote.http11.Http11NioProtocol        :173  [32m                  [0;39m Initializing ProtocolHandler ["http-nio-8080"]
2022-04-10 14:35:48.552 INFO  org.apache.catalina.core.StandardService          :173  [32m                  [0;39m Starting service [Tomcat]
2022-04-10 14:35:48.552 INFO  org.apache.catalina.core.StandardEngine           :173  [32m                  [0;39m Starting Servlet engine: [Apache Tomcat/9.0.56]
2022-04-10 14:35:48.611 INFO  o.a.c.core.ContainerBase.[Tomcat].[localhost].[/] :173  [32m                  [0;39m Initializing Spring embedded WebApplicationContext
2022-04-10 14:35:48.612 INFO  o.s.b.w.s.c.ServletWebServerApplicationContext    :290  [32m                  [0;39m Root WebApplicationContext: initialization completed in 1031 ms
2022-04-10 14:35:49.157 INFO  o.s.b.d.autoconfigure.OptionalLiveReloadServer    :58   [32m                  [0;39m LiveReload server is running on port 35729
2022-04-10 14:35:49.170 INFO  org.apache.coyote.http11.Http11NioProtocol        :173  [32m                  [0;39m Starting ProtocolHandler ["http-nio-8080"]
2022-04-10 14:35:49.187 INFO  o.s.boot.web.embedded.tomcat.TomcatWebServer      :220  [32m                  [0;39m Tomcat started on port(s): 8080 (http) with context path ''
2022-04-10 14:35:49.195 INFO  com.jeremy.wiki.config.WikiApplication            :61   [32m                  [0;39m Started WikiApplication in 2.142 seconds (JVM running for 2.687)
2022-04-10 14:35:49.198 INFO  com.jeremy.wiki.config.WikiApplication            :22   [32m                  [0;39m 启动成功！！
2022-04-10 14:35:49.198 INFO  com.jeremy.wiki.config.WikiApplication            :23   [32m                  [0;39m 地址: 	http://127.0.0.1:8080
2022-04-10 14:36:16.615 INFO  o.a.c.core.ContainerBase.[Tomcat].[localhost].[/] :173  [32m                  [0;39m Initializing Spring DispatcherServlet 'dispatcherServlet'
2022-04-10 14:36:16.615 INFO  org.springframework.web.servlet.DispatcherServlet :525  [32m                  [0;39m Initializing Servlet 'dispatcherServlet'
2022-04-10 14:36:16.616 INFO  org.springframework.web.servlet.DispatcherServlet :547  [32m                  [0;39m Completed initialization in 1 ms
2022-04-10 14:36:16.728 INFO  com.zaxxer.hikari.HikariDataSource                :110  [32m                  [0;39m HikariPool-1 - Starting...
2022-04-10 14:36:17.080 INFO  com.zaxxer.hikari.HikariDataSource                :123  [32m                  [0;39m HikariPool-1 - Start completed.
2022-04-10 14:40:08.437 INFO  com.zaxxer.hikari.HikariDataSource                :350  [32m                  [0;39m HikariPool-1 - Shutdown initiated...
2022-04-10 14:40:08.444 INFO  com.zaxxer.hikari.HikariDataSource                :352  [32m                  [0;39m HikariPool-1 - Shutdown completed.
2022-04-10 14:57:16.045 INFO  com.jeremy.wiki.config.WikiApplication            :55   [32m                  [0;39m Starting WikiApplication using Java 1.8.0_241 on 192.168.124.5 with PID 46657 (/Users/jeremy/Downloads/wiki/target/classes started by jeremy in /Users/jeremy/Downloads/wiki)
2022-04-10 14:57:16.046 INFO  com.jeremy.wiki.config.WikiApplication            :635  [32m                  [0;39m No active profile set, falling back to default profiles: default
2022-04-10 14:57:16.085 INFO  o.s.b.d.env.DevToolsPropertyDefaultsPostProcessor :255  [32m                  [0;39m Devtools property defaults active! Set 'spring.devtools.add-properties' to 'false' to disable
2022-04-10 14:57:16.085 INFO  o.s.b.d.env.DevToolsPropertyDefaultsPostProcessor :255  [32m                  [0;39m For additional web related logging consider setting the 'logging.level.web' property to 'DEBUG'
2022-04-10 14:57:16.938 INFO  o.s.boot.web.embedded.tomcat.TomcatWebServer      :108  [32m                  [0;39m Tomcat initialized with port(s): 8080 (http)
2022-04-10 14:57:16.946 INFO  org.apache.coyote.http11.Http11NioProtocol        :173  [32m                  [0;39m Initializing ProtocolHandler ["http-nio-8080"]
2022-04-10 14:57:16.947 INFO  org.apache.catalina.core.StandardService          :173  [32m                  [0;39m Starting service [Tomcat]
2022-04-10 14:57:16.947 INFO  org.apache.catalina.core.StandardEngine           :173  [32m                  [0;39m Starting Servlet engine: [Apache Tomcat/9.0.56]
2022-04-10 14:57:17.006 INFO  o.a.c.core.ContainerBase.[Tomcat].[localhost].[/] :173  [32m                  [0;39m Initializing Spring embedded WebApplicationContext
2022-04-10 14:57:17.007 INFO  o.s.b.w.s.c.ServletWebServerApplicationContext    :290  [32m                  [0;39m Root WebApplicationContext: initialization completed in 921 ms
2022-04-10 14:57:17.497 INFO  o.s.b.d.autoconfigure.OptionalLiveReloadServer    :58   [32m                  [0;39m LiveReload server is running on port 35729
2022-04-10 14:57:17.511 INFO  org.apache.coyote.http11.Http11NioProtocol        :173  [32m                  [0;39m Starting ProtocolHandler ["http-nio-8080"]
2022-04-10 14:57:17.529 INFO  o.s.boot.web.embedded.tomcat.TomcatWebServer      :220  [32m                  [0;39m Tomcat started on port(s): 8080 (http) with context path ''
2022-04-10 14:57:17.539 INFO  com.jeremy.wiki.config.WikiApplication            :61   [32m                  [0;39m Started WikiApplication in 1.869 seconds (JVM running for 2.428)
2022-04-10 14:57:17.542 INFO  com.jeremy.wiki.config.WikiApplication            :22   [32m                  [0;39m 启动成功！！
2022-04-10 14:57:17.542 INFO  com.jeremy.wiki.config.WikiApplication            :23   [32m                  [0;39m 地址: 	http://127.0.0.1:8080
2022-04-10 14:57:35.274 INFO  o.a.c.core.ContainerBase.[Tomcat].[localhost].[/] :173  [32m                  [0;39m Initializing Spring DispatcherServlet 'dispatcherServlet'
2022-04-10 14:57:35.275 INFO  org.springframework.web.servlet.DispatcherServlet :525  [32m                  [0;39m Initializing Servlet 'dispatcherServlet'
2022-04-10 14:57:35.276 INFO  org.springframework.web.servlet.DispatcherServlet :547  [32m                  [0;39m Completed initialization in 1 ms
2022-04-10 14:57:35.371 INFO  com.zaxxer.hikari.HikariDataSource                :110  [32m                  [0;39m HikariPool-1 - Starting...
2022-04-10 14:57:35.700 INFO  com.zaxxer.hikari.HikariDataSource                :123  [32m                  [0;39m HikariPool-1 - Start completed.
2022-04-10 15:19:42.941 INFO  com.zaxxer.hikari.HikariDataSource                :350  [32m                  [0;39m HikariPool-1 - Shutdown initiated...
2022-04-10 15:19:42.949 INFO  com.zaxxer.hikari.HikariDataSource                :352  [32m                  [0;39m HikariPool-1 - Shutdown completed.
2022-04-10 19:13:51.385 INFO  com.jeremy.wiki.config.WikiApplication            :55   [32m                  [0;39m Starting WikiApplication using Java 1.8.0_241 on 192.168.124.5 with PID 49393 (/Users/jeremy/Downloads/wiki/target/classes started by jeremy in /Users/jeremy/Downloads/wiki)
2022-04-10 19:13:51.387 INFO  com.jeremy.wiki.config.WikiApplication            :635  [32m                  [0;39m No active profile set, falling back to default profiles: default
2022-04-10 19:13:51.441 INFO  o.s.b.d.env.DevToolsPropertyDefaultsPostProcessor :255  [32m                  [0;39m Devtools property defaults active! Set 'spring.devtools.add-properties' to 'false' to disable
2022-04-10 19:13:51.441 INFO  o.s.b.d.env.DevToolsPropertyDefaultsPostProcessor :255  [32m                  [0;39m For additional web related logging consider setting the 'logging.level.web' property to 'DEBUG'
2022-04-10 19:13:52.375 INFO  o.s.boot.web.embedded.tomcat.TomcatWebServer      :108  [32m                  [0;39m Tomcat initialized with port(s): 8080 (http)
2022-04-10 19:13:52.384 INFO  org.apache.coyote.http11.Http11NioProtocol        :173  [32m                  [0;39m Initializing ProtocolHandler ["http-nio-8080"]
2022-04-10 19:13:52.384 INFO  org.apache.catalina.core.StandardService          :173  [32m                  [0;39m Starting service [Tomcat]
2022-04-10 19:13:52.385 INFO  org.apache.catalina.core.StandardEngine           :173  [32m                  [0;39m Starting Servlet engine: [Apache Tomcat/9.0.56]
2022-04-10 19:13:52.450 INFO  o.a.c.core.ContainerBase.[Tomcat].[localhost].[/] :173  [32m                  [0;39m Initializing Spring embedded WebApplicationContext
2022-04-10 19:13:52.450 INFO  o.s.b.w.s.c.ServletWebServerApplicationContext    :290  [32m                  [0;39m Root WebApplicationContext: initialization completed in 1008 ms
2022-04-10 19:13:53.001 INFO  o.s.b.d.autoconfigure.OptionalLiveReloadServer    :58   [32m                  [0;39m LiveReload server is running on port 35729
2022-04-10 19:13:53.015 INFO  org.apache.coyote.http11.Http11NioProtocol        :173  [32m                  [0;39m Starting ProtocolHandler ["http-nio-8080"]
2022-04-10 19:13:53.031 INFO  o.s.boot.web.embedded.tomcat.TomcatWebServer      :220  [32m                  [0;39m Tomcat started on port(s): 8080 (http) with context path ''
2022-04-10 19:13:53.040 INFO  com.jeremy.wiki.config.WikiApplication            :61   [32m                  [0;39m Started WikiApplication in 2.112 seconds (JVM running for 2.638)
2022-04-10 19:13:53.042 INFO  com.jeremy.wiki.config.WikiApplication            :22   [32m                  [0;39m 启动成功！！
2022-04-10 19:13:53.043 INFO  com.jeremy.wiki.config.WikiApplication            :23   [32m                  [0;39m 地址: 	http://127.0.0.1:8080
2022-04-10 19:13:56.781 INFO  o.a.c.core.ContainerBase.[Tomcat].[localhost].[/] :173  [32m                  [0;39m Initializing Spring DispatcherServlet 'dispatcherServlet'
2022-04-10 19:13:56.781 INFO  org.springframework.web.servlet.DispatcherServlet :525  [32m                  [0;39m Initializing Servlet 'dispatcherServlet'
2022-04-10 19:13:56.783 INFO  org.springframework.web.servlet.DispatcherServlet :547  [32m                  [0;39m Completed initialization in 2 ms
2022-04-10 19:14:51.521 INFO  com.jeremy.wiki.config.WikiApplication            :55   [32m                  [0;39m Starting WikiApplication using Java 1.8.0_241 on 192.168.124.5 with PID 49414 (/Users/jeremy/Downloads/wiki/target/classes started by jeremy in /Users/jeremy/Downloads/wiki)
2022-04-10 19:14:51.522 INFO  com.jeremy.wiki.config.WikiApplication            :635  [32m                  [0;39m No active profile set, falling back to default profiles: default
2022-04-10 19:14:51.565 INFO  o.s.b.d.env.DevToolsPropertyDefaultsPostProcessor :255  [32m                  [0;39m Devtools property defaults active! Set 'spring.devtools.add-properties' to 'false' to disable
2022-04-10 19:14:51.566 INFO  o.s.b.d.env.DevToolsPropertyDefaultsPostProcessor :255  [32m                  [0;39m For additional web related logging consider setting the 'logging.level.web' property to 'DEBUG'
2022-04-10 19:14:52.409 INFO  o.s.boot.web.embedded.tomcat.TomcatWebServer      :108  [32m                  [0;39m Tomcat initialized with port(s): 8080 (http)
2022-04-10 19:14:52.416 INFO  org.apache.coyote.http11.Http11NioProtocol        :173  [32m                  [0;39m Initializing ProtocolHandler ["http-nio-8080"]
2022-04-10 19:14:52.416 INFO  org.apache.catalina.core.StandardService          :173  [32m                  [0;39m Starting service [Tomcat]
2022-04-10 19:14:52.417 INFO  org.apache.catalina.core.StandardEngine           :173  [32m                  [0;39m Starting Servlet engine: [Apache Tomcat/9.0.56]
2022-04-10 19:14:52.463 INFO  o.a.c.core.ContainerBase.[Tomcat].[localhost].[/] :173  [32m                  [0;39m Initializing Spring embedded WebApplicationContext
2022-04-10 19:14:52.464 INFO  o.s.b.w.s.c.ServletWebServerApplicationContext    :290  [32m                  [0;39m Root WebApplicationContext: initialization completed in 897 ms
2022-04-10 19:14:52.907 INFO  o.s.b.d.autoconfigure.OptionalLiveReloadServer    :58   [32m                  [0;39m LiveReload server is running on port 35729
2022-04-10 19:14:52.919 INFO  org.apache.coyote.http11.Http11NioProtocol        :173  [32m                  [0;39m Starting ProtocolHandler ["http-nio-8080"]
2022-04-10 19:14:52.935 INFO  o.s.boot.web.embedded.tomcat.TomcatWebServer      :220  [32m                  [0;39m Tomcat started on port(s): 8080 (http) with context path ''
2022-04-10 19:14:52.944 INFO  com.jeremy.wiki.config.WikiApplication            :61   [32m                  [0;39m Started WikiApplication in 1.82 seconds (JVM running for 2.284)
2022-04-10 19:14:52.946 INFO  com.jeremy.wiki.config.WikiApplication            :22   [32m                  [0;39m 启动成功！！
2022-04-10 19:14:52.946 INFO  com.jeremy.wiki.config.WikiApplication            :23   [32m                  [0;39m 地址: 	http://127.0.0.1:8080
2022-04-10 19:15:13.820 INFO  o.a.c.core.ContainerBase.[Tomcat].[localhost].[/] :173  [32m                  [0;39m Initializing Spring DispatcherServlet 'dispatcherServlet'
2022-04-10 19:15:13.820 INFO  org.springframework.web.servlet.DispatcherServlet :525  [32m                  [0;39m Initializing Servlet 'dispatcherServlet'
2022-04-10 19:15:13.822 INFO  org.springframework.web.servlet.DispatcherServlet :547  [32m                  [0;39m Completed initialization in 1 ms
2022-04-10 19:15:13.936 INFO  com.zaxxer.hikari.HikariDataSource                :110  [32m                  [0;39m HikariPool-1 - Starting...
2022-04-10 19:15:14.263 INFO  com.zaxxer.hikari.HikariDataSource                :123  [32m                  [0;39m HikariPool-1 - Start completed.
2022-04-10 19:27:26.590 INFO  com.zaxxer.hikari.HikariDataSource                :350  [32m                  [0;39m HikariPool-1 - Shutdown initiated...
2022-04-10 19:27:26.599 INFO  com.zaxxer.hikari.HikariDataSource                :352  [32m                  [0;39m HikariPool-1 - Shutdown completed.
2022-04-10 19:27:26.773 INFO  com.jeremy.wiki.config.WikiApplication            :55   [32m                  [0;39m Starting WikiApplication using Java 1.8.0_241 on 192.168.124.5 with PID 49414 (/Users/jeremy/Downloads/wiki/target/classes started by jeremy in /Users/jeremy/Downloads/wiki)
2022-04-10 19:27:26.774 INFO  com.jeremy.wiki.config.WikiApplication            :635  [32m                  [0;39m No active profile set, falling back to default profiles: default
2022-04-10 19:27:27.077 INFO  o.s.boot.web.embedded.tomcat.TomcatWebServer      :108  [32m                  [0;39m Tomcat initialized with port(s): 8080 (http)
2022-04-10 19:27:27.078 INFO  org.apache.coyote.http11.Http11NioProtocol        :173  [32m                  [0;39m Initializing ProtocolHandler ["http-nio-8080"]
2022-04-10 19:27:27.078 INFO  org.apache.catalina.core.StandardService          :173  [32m                  [0;39m Starting service [Tomcat]
2022-04-10 19:27:27.078 INFO  org.apache.catalina.core.StandardEngine           :173  [32m                  [0;39m Starting Servlet engine: [Apache Tomcat/9.0.56]
2022-04-10 19:27:27.091 INFO  o.a.c.core.ContainerBase.[Tomcat].[localhost].[/] :173  [32m                  [0;39m Initializing Spring embedded WebApplicationContext
2022-04-10 19:27:27.091 INFO  o.s.b.w.s.c.ServletWebServerApplicationContext    :290  [32m                  [0;39m Root WebApplicationContext: initialization completed in 313 ms
2022-04-10 19:27:27.167 WARN  o.s.b.w.s.c.AnnotationConfigServletWebServerApplicationContext:591  [32m                  [0;39m Exception encountered during context initialization - cancelling refresh attempt: org.springframework.beans.factory.BeanCreationException: Error creating bean with name 'ebookController' defined in file [/Users/jeremy/Downloads/wiki/target/classes/com/jeremy/wiki/controller/EbookController.class]: Post-processing of merged bean definition failed; nested exception is java.lang.IllegalStateException: Failed to introspect Class [com.jeremy.wiki.controller.EbookController] from ClassLoader [org.springframework.boot.devtools.restart.classloader.RestartClassLoader@63f5ab0c]
2022-04-10 19:27:27.168 INFO  org.apache.catalina.core.StandardService          :173  [32m                  [0;39m Stopping service [Tomcat]
2022-04-10 19:27:27.177 INFO  o.s.b.a.l.ConditionEvaluationReportLoggingListener:136  [32m                  [0;39m 

Error starting ApplicationContext. To display the conditions report re-run your application with 'debug' enabled.
2022-04-10 19:27:27.205 ERROR org.springframework.boot.SpringApplication        :819  [32m                  [0;39m Application run failed
org.springframework.beans.factory.BeanCreationException: Error creating bean with name 'ebookController' defined in file [/Users/jeremy/Downloads/wiki/target/classes/com/jeremy/wiki/controller/EbookController.class]: Post-processing of merged bean definition failed; nested exception is java.lang.IllegalStateException: Failed to introspect Class [com.jeremy.wiki.controller.EbookController] from ClassLoader [org.springframework.boot.devtools.restart.classloader.RestartClassLoader@63f5ab0c]
	at org.springframework.beans.factory.support.AbstractAutowireCapableBeanFactory.doCreateBean(AbstractAutowireCapableBeanFactory.java:597)
	at org.springframework.beans.factory.support.AbstractAutowireCapableBeanFactory.createBean(AbstractAutowireCapableBeanFactory.java:542)
	at org.springframework.beans.factory.support.AbstractBeanFactory.lambda$doGetBean$0(AbstractBeanFactory.java:335)
	at org.springframework.beans.factory.support.DefaultSingletonBeanRegistry.getSingleton(DefaultSingletonBeanRegistry.java:234)
	at org.springframework.beans.factory.support.AbstractBeanFactory.doGetBean(AbstractBeanFactory.java:333)
	at org.springframework.beans.factory.support.AbstractBeanFactory.getBean(AbstractBeanFactory.java:208)
	at org.springframework.beans.factory.support.DefaultListableBeanFactory.preInstantiateSingletons(DefaultListableBeanFactory.java:953)
	at org.springframework.context.support.AbstractApplicationContext.finishBeanFactoryInitialization(AbstractApplicationContext.java:918)
	at org.springframework.context.support.AbstractApplicationContext.refresh(AbstractApplicationContext.java:583)
	at org.springframework.boot.web.servlet.context.ServletWebServerApplicationContext.refresh(ServletWebServerApplicationContext.java:145)
	at org.springframework.boot.SpringApplication.refresh(SpringApplication.java:730)
	at org.springframework.boot.SpringApplication.refreshContext(SpringApplication.java:412)
	at org.springframework.boot.SpringApplication.run(SpringApplication.java:302)
	at com.jeremy.wiki.config.WikiApplication.main(WikiApplication.java:21)
	at sun.reflect.NativeMethodAccessorImpl.invoke0(Native Method)
	at sun.reflect.NativeMethodAccessorImpl.invoke(NativeMethodAccessorImpl.java:62)
	at sun.reflect.DelegatingMethodAccessorImpl.invoke(DelegatingMethodAccessorImpl.java:43)
	at java.lang.reflect.Method.invoke(Method.java:498)
	at org.springframework.boot.devtools.restart.RestartLauncher.run(RestartLauncher.java:49)
Caused by: java.lang.IllegalStateException: Failed to introspect Class [com.jeremy.wiki.controller.EbookController] from ClassLoader [org.springframework.boot.devtools.restart.classloader.RestartClassLoader@63f5ab0c]
	at org.springframework.util.ReflectionUtils.getDeclaredFields(ReflectionUtils.java:739)
	at org.springframework.util.ReflectionUtils.doWithLocalFields(ReflectionUtils.java:671)
	at org.springframework.context.annotation.CommonAnnotationBeanPostProcessor.buildResourceMetadata(CommonAnnotationBeanPostProcessor.java:377)
	at org.springframework.context.annotation.CommonAnnotationBeanPostProcessor.findResourceMetadata(CommonAnnotationBeanPostProcessor.java:358)
	at org.springframework.context.annotation.CommonAnnotationBeanPostProcessor.postProcessMergedBeanDefinition(CommonAnnotationBeanPostProcessor.java:306)
	at org.springframework.beans.factory.support.AbstractAutowireCapableBeanFactory.applyMergedBeanDefinitionPostProcessors(AbstractAutowireCapableBeanFactory.java:1116)
	at org.springframework.beans.factory.support.AbstractAutowireCapableBeanFactory.doCreateBean(AbstractAutowireCapableBeanFactory.java:594)
	... 18 common frames omitted
Caused by: java.lang.NoClassDefFoundError: Lcom/jeremy/wiki/service/EbookService;
	at java.lang.Class.getDeclaredFields0(Native Method)
	at java.lang.Class.privateGetDeclaredFields(Class.java:2583)
	at java.lang.Class.getDeclaredFields(Class.java:1916)
	at org.springframework.util.ReflectionUtils.getDeclaredFields(ReflectionUtils.java:734)
	... 24 common frames omitted
Caused by: java.lang.ClassNotFoundException: com.jeremy.wiki.service.EbookService
	at java.net.URLClassLoader.findClass(URLClassLoader.java:382)
	at java.lang.ClassLoader.loadClass(ClassLoader.java:418)
	at sun.misc.Launcher$AppClassLoader.loadClass(Launcher.java:355)
	at java.lang.ClassLoader.loadClass(ClassLoader.java:351)
	at java.lang.Class.forName0(Native Method)
	at java.lang.Class.forName(Class.java:348)
	at org.springframework.boot.devtools.restart.classloader.RestartClassLoader.loadClass(RestartClassLoader.java:145)
	at java.lang.ClassLoader.loadClass(ClassLoader.java:351)
	... 28 common frames omitted
2022-04-10 19:29:47.517 INFO  com.jeremy.wiki.config.WikiApplication            :55   [32m                  [0;39m Starting WikiApplication using Java 1.8.0_241 on 192.168.124.5 with PID 49677 (/Users/jeremy/Downloads/wiki/target/classes started by jeremy in /Users/jeremy/Downloads/wiki)
2022-04-10 19:29:47.518 INFO  com.jeremy.wiki.config.WikiApplication            :635  [32m                  [0;39m No active profile set, falling back to default profiles: default
2022-04-10 19:29:47.553 INFO  o.s.b.d.env.DevToolsPropertyDefaultsPostProcessor :255  [32m                  [0;39m Devtools property defaults active! Set 'spring.devtools.add-properties' to 'false' to disable
2022-04-10 19:29:47.554 INFO  o.s.b.d.env.DevToolsPropertyDefaultsPostProcessor :255  [32m                  [0;39m For additional web related logging consider setting the 'logging.level.web' property to 'DEBUG'
2022-04-10 19:29:48.373 INFO  o.s.boot.web.embedded.tomcat.TomcatWebServer      :108  [32m                  [0;39m Tomcat initialized with port(s): 8080 (http)
2022-04-10 19:29:48.379 INFO  org.apache.coyote.http11.Http11NioProtocol        :173  [32m                  [0;39m Initializing ProtocolHandler ["http-nio-8080"]
2022-04-10 19:29:48.380 INFO  org.apache.catalina.core.StandardService          :173  [32m                  [0;39m Starting service [Tomcat]
2022-04-10 19:29:48.380 INFO  org.apache.catalina.core.StandardEngine           :173  [32m                  [0;39m Starting Servlet engine: [Apache Tomcat/9.0.56]
2022-04-10 19:29:48.430 INFO  o.a.c.core.ContainerBase.[Tomcat].[localhost].[/] :173  [32m                  [0;39m Initializing Spring embedded WebApplicationContext
2022-04-10 19:29:48.430 INFO  o.s.b.w.s.c.ServletWebServerApplicationContext    :290  [32m                  [0;39m Root WebApplicationContext: initialization completed in 876 ms
2022-04-10 19:29:48.927 INFO  o.s.b.d.autoconfigure.OptionalLiveReloadServer    :58   [32m                  [0;39m LiveReload server is running on port 35729
2022-04-10 19:29:48.942 INFO  org.apache.coyote.http11.Http11NioProtocol        :173  [32m                  [0;39m Starting ProtocolHandler ["http-nio-8080"]
2022-04-10 19:29:48.961 INFO  o.s.boot.web.embedded.tomcat.TomcatWebServer      :220  [32m                  [0;39m Tomcat started on port(s): 8080 (http) with context path ''
2022-04-10 19:29:48.970 INFO  com.jeremy.wiki.config.WikiApplication            :61   [32m                  [0;39m Started WikiApplication in 1.779 seconds (JVM running for 2.222)
2022-04-10 19:29:48.973 INFO  com.jeremy.wiki.config.WikiApplication            :22   [32m                  [0;39m 启动成功！！
2022-04-10 19:29:48.973 INFO  com.jeremy.wiki.config.WikiApplication            :23   [32m                  [0;39m 地址: 	http://127.0.0.1:8080
2022-04-10 19:30:09.553 INFO  o.a.c.core.ContainerBase.[Tomcat].[localhost].[/] :173  [32m                  [0;39m Initializing Spring DispatcherServlet 'dispatcherServlet'
2022-04-10 19:30:09.554 INFO  org.springframework.web.servlet.DispatcherServlet :525  [32m                  [0;39m Initializing Servlet 'dispatcherServlet'
2022-04-10 19:30:09.556 INFO  org.springframework.web.servlet.DispatcherServlet :547  [32m                  [0;39m Completed initialization in 2 ms
2022-04-10 19:30:09.663 INFO  com.zaxxer.hikari.HikariDataSource                :110  [32m                  [0;39m HikariPool-1 - Starting...
2022-04-10 19:30:09.969 INFO  com.zaxxer.hikari.HikariDataSource                :123  [32m                  [0;39m HikariPool-1 - Start completed.
2022-04-10 19:30:40.181 INFO  com.zaxxer.hikari.HikariDataSource                :350  [32m                  [0;39m HikariPool-1 - Shutdown initiated...
2022-04-10 19:30:40.188 INFO  com.zaxxer.hikari.HikariDataSource                :352  [32m                  [0;39m HikariPool-1 - Shutdown completed.
2022-04-10 19:30:40.327 INFO  com.jeremy.wiki.config.WikiApplication            :55   [32m                  [0;39m Starting WikiApplication using Java 1.8.0_241 on 192.168.124.5 with PID 49677 (/Users/jeremy/Downloads/wiki/target/classes started by jeremy in /Users/jeremy/Downloads/wiki)
2022-04-10 19:30:40.327 INFO  com.jeremy.wiki.config.WikiApplication            :635  [32m                  [0;39m No active profile set, falling back to default profiles: default
2022-04-10 19:30:40.524 INFO  o.s.boot.web.embedded.tomcat.TomcatWebServer      :108  [32m                  [0;39m Tomcat initialized with port(s): 8080 (http)
2022-04-10 19:30:40.525 INFO  org.apache.coyote.http11.Http11NioProtocol        :173  [32m                  [0;39m Initializing ProtocolHandler ["http-nio-8080"]
2022-04-10 19:30:40.525 INFO  org.apache.catalina.core.StandardService          :173  [32m                  [0;39m Starting service [Tomcat]
2022-04-10 19:30:40.525 INFO  org.apache.catalina.core.StandardEngine           :173  [32m                  [0;39m Starting Servlet engine: [Apache Tomcat/9.0.56]
2022-04-10 19:30:40.532 INFO  o.a.c.core.ContainerBase.[Tomcat].[localhost].[/] :173  [32m                  [0;39m Initializing Spring embedded WebApplicationContext
2022-04-10 19:30:40.532 INFO  o.s.b.w.s.c.ServletWebServerApplicationContext    :290  [32m                  [0;39m Root WebApplicationContext: initialization completed in 202 ms
2022-04-10 19:30:40.673 INFO  o.s.b.d.autoconfigure.OptionalLiveReloadServer    :58   [32m                  [0;39m LiveReload server is running on port 35729
2022-04-10 19:30:40.681 INFO  org.apache.coyote.http11.Http11NioProtocol        :173  [32m                  [0;39m Starting ProtocolHandler ["http-nio-8080"]
2022-04-10 19:30:40.682 INFO  o.s.boot.web.embedded.tomcat.TomcatWebServer      :220  [32m                  [0;39m Tomcat started on port(s): 8080 (http) with context path ''
2022-04-10 19:30:40.687 INFO  com.jeremy.wiki.config.WikiApplication            :61   [32m                  [0;39m Started WikiApplication in 0.393 seconds (JVM running for 53.938)
2022-04-10 19:30:40.689 INFO  o.s.b.d.a.ConditionEvaluationDeltaLoggingListener :63   [32m                  [0;39m Condition evaluation unchanged
2022-04-10 19:30:40.689 INFO  com.jeremy.wiki.config.WikiApplication            :22   [32m                  [0;39m 启动成功！！
2022-04-10 19:30:40.690 INFO  com.jeremy.wiki.config.WikiApplication            :23   [32m                  [0;39m 地址: 	http://127.0.0.1:8080
2022-04-10 19:34:15.856 INFO  o.a.c.core.ContainerBase.[Tomcat].[localhost].[/] :173  [32m                  [0;39m Initializing Spring DispatcherServlet 'dispatcherServlet'
2022-04-10 19:34:15.857 INFO  org.springframework.web.servlet.DispatcherServlet :525  [32m                  [0;39m Initializing Servlet 'dispatcherServlet'
2022-04-10 19:34:15.859 INFO  org.springframework.web.servlet.DispatcherServlet :547  [32m                  [0;39m Completed initialization in 2 ms
2022-04-10 19:34:15.866 INFO  com.zaxxer.hikari.HikariDataSource                :110  [32m                  [0;39m HikariPool-2 - Starting...
2022-04-10 19:34:15.891 INFO  com.zaxxer.hikari.HikariDataSource                :123  [32m                  [0;39m HikariPool-2 - Start completed.
2022-04-10 19:37:06.815 INFO  com.zaxxer.hikari.HikariDataSource                :350  [32m                  [0;39m HikariPool-2 - Shutdown initiated...
2022-04-10 19:37:06.820 INFO  com.zaxxer.hikari.HikariDataSource                :352  [32m                  [0;39m HikariPool-2 - Shutdown completed.
